<?xml version="1.0" encoding="UTF-8"?>
<!-- Generated by org.testng.reporters.JUnitReportReporter -->
<testsuite hostname="UC232532-TPL-A" name="com.seleniumexample.RabbitRegistration" tests="1" failures="0" timestamp="4 Sep 2018 11:43:57 GMT" time="12.217" errors="0">
  <testcase name="Test01_Registration" time="12.217" classname="com.seleniumexample.RabbitRegistration"/>
</testsuite> <!-- com.seleniumexample.RabbitRegistration -->
